2018-07-18 08:33:48 Startup complete:
                    GroupsDir   C:\Users\dewirch\OneDrive - Microsoft\bitbucket\vb6\Columbia Pro\groups\
                    LogDir      C:\Users\dewirch\OneDrive - Microsoft\bitbucket\vb6\Columbia Pro\logs\
                    HistDir     C:\Users\dewirch\OneDrive - Microsoft\bitbucket\vb6\Columbia Pro\history\
                    SourceDir   C:\Users\dewirch\OneDrive - Microsoft\bitbucket\vb6\Columbia Pro\source\
                    Timeout     200
                    Firing frmMain
2018-07-18 08:33:49 loaded group02
2018-07-18 08:33:50 beginning check of group02
2018-07-18 08:33:51 group check complete for group02
2018-07-18 08:34:46 Startup complete:
                    GroupsDir   C:\Users\dewirch\OneDrive - Microsoft\bitbucket\vb6\Columbia Pro\groups\
                    LogDir      C:\Users\dewirch\OneDrive - Microsoft\bitbucket\vb6\Columbia Pro\logs\
                    HistDir     C:\Users\dewirch\OneDrive - Microsoft\bitbucket\vb6\Columbia Pro\history\
                    SourceDir   C:\Users\dewirch\OneDrive - Microsoft\bitbucket\vb6\Columbia Pro\source\
                    Timeout     200
                    Firing frmMain
2018-07-18 08:34:47 loaded group01
2018-07-18 08:34:48 beginning check of group01
2018-07-18 08:34:49 group check complete for group01
